# JRE version: Java(TM) SE Runtime Environment (8.0_73-b02) (build 1.8.0_73-b02)
# Java VM: Java HotSpot(TM) 64-Bit Server VM (25.73-b02 mixed mode windows-amd64 compressed oops)
Heap:
 PSYoungGen      total 263168K, used 197195K [0x00000000d5c00000, 0x00000000ee080000, 0x0000000100000000)
  eden space 200192K, 98% used [0x00000000d5c00000,0x00000000e1c92c10,0x00000000e1f80000)
  from space 62976K, 0% used [0x00000000e1f80000,0x00000000e1f80000,0x00000000e5d00000)
  to   space 74752K, 0% used [0x00000000e9780000,0x00000000e9780000,0x00000000ee080000)
 ParOldGen       total 357888K, used 356983K [0x0000000081400000, 0x0000000097180000, 0x00000000d5c00000)
  object space 357888K, 99% used [0x0000000081400000,0x000000009709dde8,0x0000000097180000)
 Metaspace       used 28851K, capacity 29562K, committed 29952K, reserved 1075200K
  class space    used 3238K, capacity 3498K, committed 3584K, reserved 1048576K
GC Heap History (10 events):
Event: 57.392 GC heap before
{Heap before GC invocations=73 (full 64):
 PSYoungGen      total 263168K, used 199626K [0x00000000d5c00000, 0x00000000ee080000, 0x0000000100000000)
  eden space 200192K, 99% used [0x00000000d5c00000,0x00000000e1ef2b18,0x00000000e1f80000)
  from space 62976K, 0% used [0x00000000e1f80000,0x00000000e1f80000,0x00000000e5d00000)
  to   space 74752K, 0% used [0x00000000e9780000,0x00000000e9780000,0x00000000ee080000)
 ParOldGen       total 356352K, used 355783K [0x0000000081400000, 0x0000000097000000, 0x00000000d5c00000)
  object space 356352K, 99% used [0x0000000081400000,0x0000000096f71dd8,0x0000000097000000)
 Metaspace       used 28851K, capacity 29562K, committed 29952K, reserved 1075200K
  class space    used 3238K, capacity 3498K, committed 3584K, reserved 1048576K
Event: 57.461 GC heap after
Heap after GC invocations=73 (full 64):
 PSYoungGen      total 263168K, used 195939K [0x00000000d5c00000, 0x00000000ee080000, 0x0000000100000000)
  eden space 200192K, 97% used [0x00000000d5c00000,0x00000000e1b58ed0,0x00000000e1f80000)
  from space 62976K, 0% used [0x00000000e1f80000,0x00000000e1f80000,0x00000000e5d00000)
  to   space 74752K, 0% used [0x00000000e9780000,0x00000000e9780000,0x00000000ee080000)
 ParOldGen       total 356352K, used 355783K [0x0000000081400000, 0x0000000097000000, 0x00000000d5c00000)
  object space 356352K, 99% used [0x0000000081400000,0x0000000096f71dd8,0x0000000097000000)
 Metaspace       used 28851K, capacity 29562K, committed 29952K, reserved 1075200K
  class space    used 3238K, capacity 3498K, committed 3584K, reserved 1048576K
}
Event: 57.462 GC heap before
{Heap before GC invocations=74 (full 65):
 PSYoungGen      total 263168K, used 199603K [0x00000000d5c00000, 0x00000000ee080000, 0x0000000100000000)
  eden space 200192K, 99% used [0x00000000d5c00000,0x00000000e1eece58,0x00000000e1f80000)
  from space 62976K, 0% used [0x00000000e1f80000,0x00000000e1f80000,0x00000000e5d00000)
  to   space 74752K, 0% used [0x00000000e9780000,0x00000000e9780000,0x00000000ee080000)
 ParOldGen       total 356352K, used 355783K [0x0000000081400000, 0x0000000097000000, 0x00000000d5c00000)
  object space 356352K, 99% used [0x0000000081400000,0x0000000096f71dd8,0x0000000097000000)
 Metaspace       used 28851K, capacity 29562K, committed 29952K, reserved 1075200K
  class space    used 3238K, capacity 3498K, committed 3584K, reserved 1048576K
Event: 57.541 GC heap after
Heap after GC invocations=74 (full 65):
 PSYoungGen      total 263168K, used 198343K [0x00000000d5c00000, 0x00000000ee080000, 0x0000000100000000)
  eden space 200192K, 99% used [0x00000000d5c00000,0x00000000e1db1d30,0x00000000e1f80000)
  from space 62976K, 0% used [0x00000000e1f80000,0x00000000e1f80000,0x00000000e5d00000)
  to   space 74752K, 0% used [0x00000000e9780000,0x00000000e9780000,0x00000000ee080000)
 ParOldGen       total 356352K, used 355783K [0x0000000081400000, 0x0000000097000000, 0x00000000d5c00000)
  object space 356352K, 99% used [0x0000000081400000,0x0000000096f71dd8,0x0000000097000000)
 Metaspace       used 28851K, capacity 29562K, committed 29952K, reserved 1075200K
  class space    used 3238K, capacity 3498K, committed 3584K, reserved 1048576K
}
Event: 57.555 GC heap before
{Heap before GC invocations=75 (full 66):
 PSYoungGen      total 263168K, used 199610K [0x00000000d5c00000, 0x00000000ee080000, 0x0000000100000000)
  eden space 200192K, 99% used [0x00000000d5c00000,0x00000000e1eeeb58,0x00000000e1f80000)
  from space 62976K, 0% used [0x00000000e1f80000,0x00000000e1f80000,0x00000000e5d00000)
  to   space 74752K, 0% used [0x00000000e9780000,0x00000000e9780000,0x00000000ee080000)
 ParOldGen       total 356352K, used 355783K [0x0000000081400000, 0x0000000097000000, 0x00000000d5c00000)
  object space 356352K, 99% used [0x0000000081400000,0x0000000096f71dd8,0x0000000097000000)
 Metaspace       used 28851K, capacity 29562K, committed 29952K, reserved 1075200K
  class space    used 3238K, capacity 3498K, committed 3584K, reserved 1048576K
Event: 57.642 GC heap after
Heap after GC invocations=75 (full 66):
 PSYoungGen      total 263168K, used 195939K [0x00000000d5c00000, 0x00000000ee080000, 0x0000000100000000)
  eden space 200192K, 97% used [0x00000000d5c00000,0x00000000e1b58e60,0x00000000e1f80000)
  from space 62976K, 0% used [0x00000000e1f80000,0x00000000e1f80000,0x00000000e5d00000)
  to   space 74752K, 0% used [0x00000000e9780000,0x00000000e9780000,0x00000000ee080000)
 ParOldGen       total 356352K, used 355783K [0x0000000081400000, 0x0000000097000000, 0x00000000d5c00000)
  object space 356352K, 99% used [0x0000000081400000,0x0000000096f71dd8,0x0000000097000000)
 Metaspace       used 28851K, capacity 29562K, committed 29952K, reserved 1075200K
  class space    used 3238K, capacity 3498K, committed 3584K, reserved 1048576K
}
Event: 57.644 GC heap before
{Heap before GC invocations=76 (full 67):
 PSYoungGen      total 263168K, used 199590K [0x00000000d5c00000, 0x00000000ee080000, 0x0000000100000000)
  eden space 200192K, 99% used [0x00000000d5c00000,0x00000000e1ee9b28,0x00000000e1f80000)
  from space 62976K, 0% used [0x00000000e1f80000,0x00000000e1f80000,0x00000000e5d00000)
  to   space 74752K, 0% used [0x00000000e9780000,0x00000000e9780000,0x00000000ee080000)
 ParOldGen       total 356352K, used 355783K [0x0000000081400000, 0x0000000097000000, 0x00000000d5c00000)
  object space 356352K, 99% used [0x0000000081400000,0x0000000096f71dd8,0x0000000097000000)
 Metaspace       used 28851K, capacity 29562K, committed 29952K, reserved 1075200K
  class space    used 3238K, capacity 3498K, committed 3584K, reserved 1048576K
Event: 57.736 GC heap after
Heap after GC invocations=76 (full 67):
 PSYoungGen      total 263168K, used 199549K [0x00000000d5c00000, 0x00000000ee080000, 0x0000000100000000)
  eden space 200192K, 99% used [0x00000000d5c00000,0x00000000e1edf5e0,0x00000000e1f80000)
  from space 62976K, 0% used [0x00000000e1f80000,0x00000000e1f80000,0x00000000e5d00000)
  to   space 74752K, 0% used [0x00000000e9780000,0x00000000e9780000,0x00000000ee080000)
 ParOldGen       total 356352K, used 355783K [0x0000000081400000, 0x0000000097000000, 0x00000000d5c00000)
  object space 356352K, 99% used [0x0000000081400000,0x0000000096f71dd8,0x0000000097000000)
 Metaspace       used 28851K, capacity 29562K, committed 29952K, reserved 1075200K
  class space    used 3238K, capacity 3498K, committed 3584K, reserved 1048576K
}
Event: 57.737 GC heap before
{Heap before GC invocations=77 (full 68):
 PSYoungGen      total 263168K, used 199610K [0x00000000d5c00000, 0x00000000ee080000, 0x0000000100000000)
  eden space 200192K, 99% used [0x00000000d5c00000,0x00000000e1eee858,0x00000000e1f80000)
  from space 62976K, 0% used [0x00000000e1f80000,0x00000000e1f80000,0x00000000e5d00000)
  to   space 74752K, 0% used [0x00000000e9780000,0x00000000e9780000,0x00000000ee080000)
 ParOldGen       total 357888K, used 356983K [0x0000000081400000, 0x0000000097180000, 0x00000000d5c00000)
  object space 357888K, 99% used [0x0000000081400000,0x000000009709dde8,0x0000000097180000)
 Metaspace       used 28851K, capacity 29562K, committed 29952K, reserved 1075200K
  class space    used 3238K, capacity 3498K, committed 3584K, reserved 1048576K
Event: 57.835 GC heap after
Heap after GC invocations=77 (full 68):
 PSYoungGen      total 263168K, used 195946K [0x00000000d5c00000, 0x00000000ee080000, 0x0000000100000000)
  eden space 200192K, 97% used [0x00000000d5c00000,0x00000000e1b5a928,0x00000000e1f80000)
  from space 62976K, 0% used [0x00000000e1f80000,0x00000000e1f80000,0x00000000e5d00000)
  to   space 74752K, 0% used [0x00000000e9780000,0x00000000e9780000,0x00000000ee080000)
 ParOldGen       total 357888K, used 356983K [0x0000000081400000, 0x0000000097180000, 0x00000000d5c00000)
  object space 357888K, 99% used [0x0000000081400000,0x000000009709dde8,0x0000000097180000)
 Metaspace       used 28851K, capacity 29562K, committed 29952K, reserved 1075200K
  class space    used 3238K, capacity 3498K, committed 3584K, reserved 1048576K
}

